<?xml version="1.0" encoding="UTF-8"?>
<!-- Generated by org.testng.reporters.JUnitReportReporter -->
<testsuite hostname="LTIN487107" failures="0" tests="6" name="testCases.TC_001_News_Around_Cognizant" time="164.318" errors="0" timestamp="2024-04-02T10:22:04 IST" skipped="0">
  <testcase classname="testCases.TC_001_News_Around_Cognizant" name="validateUser" time="14.350"/>
  <testcase classname="testCases.TC_001_News_Around_Cognizant" name="validationOfAroundCognizant" time="3.061"/>
  <testcase classname="testCases.TC_001_News_Around_Cognizant" name="newsAroundCognizantFirstPage" time="5.564"/>
  <testcase classname="testCases.TC_001_News_Around_Cognizant" name="clickSeeAll" time="9.173"/>
  <testcase classname="testCases.TC_001_News_Around_Cognizant" name="SecondPage" time="5.206"/>
  <testcase classname="testCases.TC_001_News_Around_Cognizant" name="top5News" time="126.964"/>
</testsuite> <!-- testCases.TC_001_News_Around_Cognizant -->
